{"/Users/azos/estudos/cookingup-base/src/App.jsx": {"path":"/Users/azos/estudos/cookingup-base/src/App.jsx","all":true,"statementMap":{"0":{"start":{"line":1,"column":0},"end":{"line":1,"column":47}},"1":{"start":{"line":2,"column":0},"end":{"line":2,"column":53}},"2":{"start":{"line":3,"column":0},"end":{"line":3,"column":41}},"5":{"start":{"line":6,"column":0},"end":{"line":6,"column":16}},"7":{"start":{"line":8,"column":0},"end":{"line":8,"column":10}},"8":{"start":{"line":9,"column":0},"end":{"line":9,"column":6}},"9":{"start":{"line":10,"column":0},"end":{"line":10,"column":19}},"10":{"start":{"line":11,"column":0},"end":{"line":11,"column":22}},"11":{"start":{"line":12,"column":0},"end":{"line":12,"column":16}},"12":{"start":{"line":13,"column":0},"end":{"line":13,"column":7}},"14":{"start":{"line":15,"column":0},"end":{"line":15,"column":1}},"16":{"start":{"line":17,"column":0},"end":{"line":17,"column":18}}},"s":{"0":0,"1":0,"2":0,"5":0,"7":0,"8":0,"9":0,"10":0,"11":0,"12":0,"14":0,"16":0},"branchMap":{"0":{"type":"branch","line":1,"loc":{"start":{"line":1,"column":275},"end":{"line":17,"column":18}},"locations":[{"start":{"line":1,"column":275},"end":{"line":17,"column":18}}]}},"b":{"0":[0]},"fnMap":{"0":{"name":"(empty-report)","decl":{"start":{"line":1,"column":275},"end":{"line":17,"column":18}},"loc":{"start":{"line":1,"column":275},"end":{"line":17,"column":18}},"line":1}},"f":{"0":0}}
,"/Users/azos/estudos/cookingup-base/src/main.jsx": {"path":"/Users/azos/estudos/cookingup-base/src/main.jsx","all":true,"statementMap":{"0":{"start":{"line":1,"column":0},"end":{"line":1,"column":25}},"1":{"start":{"line":2,"column":0},"end":{"line":2,"column":39}},"2":{"start":{"line":3,"column":0},"end":{"line":3,"column":27}},"3":{"start":{"line":4,"column":0},"end":{"line":4,"column":20}},"4":{"start":{"line":5,"column":0},"end":{"line":5,"column":82}},"6":{"start":{"line":7,"column":0},"end":{"line":7,"column":60}},"7":{"start":{"line":8,"column":0},"end":{"line":8,"column":20}},"8":{"start":{"line":9,"column":0},"end":{"line":9,"column":26}},"9":{"start":{"line":10,"column":0},"end":{"line":10,"column":13}},"10":{"start":{"line":11,"column":0},"end":{"line":11,"column":27}},"11":{"start":{"line":12,"column":0},"end":{"line":12,"column":22}},"12":{"start":{"line":13,"column":0},"end":{"line":13,"column":1}}},"s":{"0":0,"1":0,"2":0,"3":0,"4":0,"6":0,"7":0,"8":0,"9":0,"10":0,"11":0,"12":0},"branchMap":{"0":{"type":"branch","line":1,"loc":{"start":{"line":1,"column":374},"end":{"line":13,"column":1}},"locations":[{"start":{"line":1,"column":374},"end":{"line":13,"column":1}}]}},"b":{"0":[0]},"fnMap":{"0":{"name":"(empty-report)","decl":{"start":{"line":1,"column":374},"end":{"line":13,"column":1}},"loc":{"start":{"line":1,"column":374},"end":{"line":13,"column":1}},"line":1}},"f":{"0":0}}
,"/Users/azos/estudos/cookingup-base/src/componentes/Cabecalho/Logo.jsx": {"path":"/Users/azos/estudos/cookingup-base/src/componentes/Cabecalho/Logo.jsx","all":false,"statementMap":{"0":{"start":{"line":1,"column":0},"end":{"line":1,"column":20}},"1":{"start":{"line":2,"column":0},"end":{"line":2,"column":109}},"2":{"start":{"line":3,"column":0},"end":{"line":3,"column":56}},"3":{"start":{"line":4,"column":0},"end":{"line":4,"column":44}},"4":{"start":{"line":5,"column":0},"end":{"line":5,"column":1436}},"5":{"start":{"line":6,"column":0},"end":{"line":6,"column":1604}},"6":{"start":{"line":7,"column":0},"end":{"line":7,"column":1602}},"7":{"start":{"line":8,"column":0},"end":{"line":8,"column":194}},"8":{"start":{"line":9,"column":0},"end":{"line":9,"column":868}},"9":{"start":{"line":10,"column":0},"end":{"line":10,"column":798}},"10":{"start":{"line":11,"column":0},"end":{"line":11,"column":945}},"11":{"start":{"line":12,"column":0},"end":{"line":12,"column":875}},"12":{"start":{"line":13,"column":0},"end":{"line":13,"column":999}},"13":{"start":{"line":14,"column":0},"end":{"line":14,"column":813}},"14":{"start":{"line":15,"column":0},"end":{"line":15,"column":411}},"15":{"start":{"line":16,"column":0},"end":{"line":16,"column":12}},"16":{"start":{"line":17,"column":0},"end":{"line":17,"column":14}},"17":{"start":{"line":18,"column":0},"end":{"line":18,"column":43}},"18":{"start":{"line":19,"column":0},"end":{"line":19,"column":65}},"19":{"start":{"line":20,"column":0},"end":{"line":20,"column":23}},"20":{"start":{"line":21,"column":0},"end":{"line":21,"column":15}},"21":{"start":{"line":22,"column":0},"end":{"line":22,"column":10}},"23":{"start":{"line":24,"column":0},"end":{"line":24,"column":1}},"25":{"start":{"line":26,"column":0},"end":{"line":26,"column":19}}},"s":{"0":1,"1":2,"2":2,"3":2,"4":2,"5":2,"6":2,"7":2,"8":2,"9":2,"10":2,"11":2,"12":2,"13":2,"14":2,"15":2,"16":2,"17":2,"18":2,"19":2,"20":2,"21":2,"23":2,"25":1},"branchMap":{"0":{"type":"branch","line":1,"loc":{"start":{"line":1,"column":13},"end":{"line":24,"column":1}},"locations":[{"start":{"line":1,"column":13},"end":{"line":24,"column":1}}]}},"b":{"0":[2]},"fnMap":{"0":{"name":"Logo","decl":{"start":{"line":1,"column":13},"end":{"line":24,"column":1}},"loc":{"start":{"line":1,"column":13},"end":{"line":24,"column":1}},"line":1}},"f":{"0":2}}
,"/Users/azos/estudos/cookingup-base/src/componentes/Cabecalho/index.jsx": {"path":"/Users/azos/estudos/cookingup-base/src/componentes/Cabecalho/index.jsx","all":false,"statementMap":{"0":{"start":{"line":1,"column":0},"end":{"line":1,"column":42}},"1":{"start":{"line":2,"column":0},"end":{"line":2,"column":25}},"3":{"start":{"line":4,"column":0},"end":{"line":4,"column":39}},"7":{"start":{"line":8,"column":0},"end":{"line":8,"column":35}},"14":{"start":{"line":15,"column":0},"end":{"line":15,"column":36}},"20":{"start":{"line":21,"column":0},"end":{"line":21,"column":26}},"29":{"start":{"line":30,"column":0},"end":{"line":30,"column":36}},"34":{"start":{"line":35,"column":0},"end":{"line":35,"column":29}},"43":{"start":{"line":44,"column":0},"end":{"line":44,"column":29}},"48":{"start":{"line":49,"column":0},"end":{"line":49,"column":25}},"49":{"start":{"line":50,"column":0},"end":{"line":50,"column":30}},"50":{"start":{"line":51,"column":0},"end":{"line":51,"column":25}},"51":{"start":{"line":52,"column":0},"end":{"line":52,"column":30}},"52":{"start":{"line":53,"column":0},"end":{"line":53,"column":24}},"53":{"start":{"line":54,"column":0},"end":{"line":54,"column":25}},"54":{"start":{"line":55,"column":0},"end":{"line":55,"column":110}},"55":{"start":{"line":56,"column":0},"end":{"line":56,"column":26}},"56":{"start":{"line":57,"column":0},"end":{"line":57,"column":123}},"57":{"start":{"line":58,"column":0},"end":{"line":58,"column":31}},"58":{"start":{"line":59,"column":0},"end":{"line":59,"column":50}},"59":{"start":{"line":60,"column":0},"end":{"line":60,"column":26}},"60":{"start":{"line":61,"column":0},"end":{"line":61,"column":24}},"61":{"start":{"line":62,"column":0},"end":{"line":62,"column":1}},"63":{"start":{"line":64,"column":0},"end":{"line":64,"column":24}}},"s":{"0":1,"1":1,"3":1,"7":1,"14":1,"20":1,"29":1,"34":1,"43":1,"48":1,"49":1,"50":1,"51":1,"52":1,"53":1,"54":1,"55":1,"56":1,"57":1,"58":1,"59":1,"60":1,"61":1,"63":1},"branchMap":{"0":{"type":"branch","line":49,"loc":{"start":{"line":49,"column":18},"end":{"line":62,"column":1}},"locations":[{"start":{"line":49,"column":18},"end":{"line":62,"column":1}}]}},"b":{"0":[1]},"fnMap":{"0":{"name":"Cabecalho","decl":{"start":{"line":49,"column":18},"end":{"line":62,"column":1}},"loc":{"start":{"line":49,"column":18},"end":{"line":62,"column":1}},"line":49}},"f":{"0":1}}
,"/Users/azos/estudos/cookingup-base/src/componentes/CardIngrediente/index.jsx": {"path":"/Users/azos/estudos/cookingup-base/src/componentes/CardIngrediente/index.jsx","all":false,"statementMap":{"0":{"start":{"line":1,"column":0},"end":{"line":1,"column":42}},"1":{"start":{"line":2,"column":0},"end":{"line":2,"column":46}},"2":{"start":{"line":3,"column":0},"end":{"line":3,"column":34}},"3":{"start":{"line":4,"column":0},"end":{"line":4,"column":60}},"5":{"start":{"line":6,"column":0},"end":{"line":6,"column":37}},"11":{"start":{"line":12,"column":0},"end":{"line":12,"column":28}},"23":{"start":{"line":24,"column":0},"end":{"line":24,"column":33}},"27":{"start":{"line":28,"column":0},"end":{"line":28,"column":28}},"34":{"start":{"line":35,"column":0},"end":{"line":35,"column":29}},"44":{"start":{"line":45,"column":0},"end":{"line":45,"column":44}},"45":{"start":{"line":46,"column":0},"end":{"line":46,"column":96}},"46":{"start":{"line":47,"column":0},"end":{"line":47,"column":12}},"47":{"start":{"line":48,"column":0},"end":{"line":48,"column":23}},"48":{"start":{"line":49,"column":0},"end":{"line":49,"column":18}},"49":{"start":{"line":50,"column":0},"end":{"line":50,"column":28}},"50":{"start":{"line":51,"column":0},"end":{"line":51,"column":49}},"51":{"start":{"line":52,"column":0},"end":{"line":52,"column":61}},"52":{"start":{"line":53,"column":0},"end":{"line":53,"column":29}},"53":{"start":{"line":54,"column":0},"end":{"line":54,"column":26}},"54":{"start":{"line":55,"column":0},"end":{"line":55,"column":43}},"55":{"start":{"line":56,"column":0},"end":{"line":56,"column":43}},"56":{"start":{"line":57,"column":0},"end":{"line":57,"column":43}},"57":{"start":{"line":58,"column":0},"end":{"line":58,"column":57}},"58":{"start":{"line":59,"column":0},"end":{"line":59,"column":52}},"59":{"start":{"line":60,"column":0},"end":{"line":60,"column":80}},"60":{"start":{"line":61,"column":0},"end":{"line":61,"column":79}},"61":{"start":{"line":62,"column":0},"end":{"line":62,"column":32}},"62":{"start":{"line":63,"column":0},"end":{"line":63,"column":27}},"63":{"start":{"line":64,"column":0},"end":{"line":64,"column":19}},"64":{"start":{"line":65,"column":0},"end":{"line":65,"column":24}},"66":{"start":{"line":67,"column":0},"end":{"line":67,"column":1}},"68":{"start":{"line":69,"column":0},"end":{"line":69,"column":30}}},"s":{"0":1,"1":1,"2":1,"3":1,"5":1,"11":1,"23":1,"27":1,"34":1,"44":1,"45":3,"46":3,"47":3,"48":3,"49":3,"50":3,"51":3,"52":3,"53":3,"54":3,"55":3,"56":6,"57":6,"58":6,"59":6,"60":6,"61":3,"62":3,"63":3,"64":3,"66":3,"68":1},"branchMap":{"0":{"type":"branch","line":45,"loc":{"start":{"line":45,"column":24},"end":{"line":67,"column":1}},"locations":[{"start":{"line":45,"column":24},"end":{"line":67,"column":1}}]},"1":{"type":"branch","line":56,"loc":{"start":{"line":56,"column":29},"end":{"line":62,"column":30}},"locations":[{"start":{"line":56,"column":29},"end":{"line":62,"column":30}}]},"2":{"type":"branch","line":60,"loc":{"start":{"line":60,"column":41},"end":{"line":60,"column":80}},"locations":[{"start":{"line":60,"column":41},"end":{"line":60,"column":80}}]}},"b":{"0":[3],"1":[6],"2":[1]},"fnMap":{"0":{"name":"CardIngrediente","decl":{"start":{"line":45,"column":24},"end":{"line":67,"column":1}},"loc":{"start":{"line":45,"column":24},"end":{"line":67,"column":1}},"line":45},"1":{"name":"onClick","decl":{"start":{"line":60,"column":41},"end":{"line":60,"column":80}},"loc":{"start":{"line":60,"column":41},"end":{"line":60,"column":80}},"line":60}},"f":{"0":3,"1":1}}
,"/Users/azos/estudos/cookingup-base/src/componentes/Ingredientes/index.jsx": {"path":"/Users/azos/estudos/cookingup-base/src/componentes/Ingredientes/index.jsx","all":false,"statementMap":{"0":{"start":{"line":1,"column":0},"end":{"line":1,"column":34}},"1":{"start":{"line":2,"column":0},"end":{"line":2,"column":42}},"2":{"start":{"line":3,"column":0},"end":{"line":3,"column":60}},"3":{"start":{"line":4,"column":0},"end":{"line":4,"column":48}},"4":{"start":{"line":5,"column":0},"end":{"line":5,"column":66}},"6":{"start":{"line":7,"column":0},"end":{"line":7,"column":25}},"13":{"start":{"line":14,"column":0},"end":{"line":14,"column":25}},"23":{"start":{"line":24,"column":0},"end":{"line":24,"column":27}},"34":{"start":{"line":35,"column":0},"end":{"line":35,"column":38}},"42":{"start":{"line":43,"column":0},"end":{"line":43,"column":28}},"44":{"start":{"line":45,"column":0},"end":{"line":45,"column":59}},"46":{"start":{"line":47,"column":0},"end":{"line":47,"column":12}},"47":{"start":{"line":48,"column":0},"end":{"line":48,"column":14}},"48":{"start":{"line":49,"column":0},"end":{"line":49,"column":40}},"50":{"start":{"line":51,"column":0},"end":{"line":51,"column":41}},"51":{"start":{"line":52,"column":0},"end":{"line":52,"column":23}},"53":{"start":{"line":54,"column":0},"end":{"line":54,"column":24}},"54":{"start":{"line":55,"column":0},"end":{"line":55,"column":28}},"55":{"start":{"line":56,"column":0},"end":{"line":56,"column":106}},"56":{"start":{"line":57,"column":0},"end":{"line":57,"column":29}},"57":{"start":{"line":58,"column":0},"end":{"line":58,"column":15}},"59":{"start":{"line":60,"column":0},"end":{"line":60,"column":1}},"61":{"start":{"line":62,"column":0},"end":{"line":62,"column":27}}},"s":{"0":1,"1":1,"2":1,"3":1,"4":1,"6":1,"13":1,"23":1,"34":1,"42":1,"44":2,"46":2,"47":2,"48":2,"50":2,"51":2,"53":2,"54":2,"55":2,"56":2,"57":2,"59":2,"61":1},"branchMap":{"0":{"type":"branch","line":43,"loc":{"start":{"line":43,"column":21},"end":{"line":60,"column":1}},"locations":[{"start":{"line":43,"column":21},"end":{"line":60,"column":1}}]}},"b":{"0":[2]},"fnMap":{"0":{"name":"Ingredientes","decl":{"start":{"line":43,"column":21},"end":{"line":60,"column":1}},"loc":{"start":{"line":43,"column":21},"end":{"line":60,"column":1}},"line":43}},"f":{"0":2}}
,"/Users/azos/estudos/cookingup-base/src/componentes/IngredientesContext/index.jsx": {"path":"/Users/azos/estudos/cookingup-base/src/componentes/IngredientesContext/index.jsx","all":false,"statementMap":{"0":{"start":{"line":1,"column":0},"end":{"line":1,"column":59}},"4":{"start":{"line":5,"column":0},"end":{"line":5,"column":50}},"5":{"start":{"line":6,"column":0},"end":{"line":6,"column":19}},"6":{"start":{"line":7,"column":0},"end":{"line":7,"column":33}},"7":{"start":{"line":8,"column":0},"end":{"line":8,"column":36}},"8":{"start":{"line":9,"column":0},"end":{"line":9,"column":53}},"9":{"start":{"line":10,"column":0},"end":{"line":10,"column":3}},"11":{"start":{"line":12,"column":0},"end":{"line":12,"column":48}},"12":{"start":{"line":13,"column":0},"end":{"line":13,"column":37}},"13":{"start":{"line":14,"column":0},"end":{"line":14,"column":81}},"17":{"start":{"line":18,"column":0},"end":{"line":18,"column":50}},"19":{"start":{"line":20,"column":0},"end":{"line":20,"column":80}},"21":{"start":{"line":22,"column":0},"end":{"line":22,"column":109}},"22":{"start":{"line":23,"column":0},"end":{"line":23,"column":16}},"24":{"start":{"line":25,"column":0},"end":{"line":25,"column":84}},"25":{"start":{"line":26,"column":0},"end":{"line":26,"column":9}},"26":{"start":{"line":27,"column":0},"end":{"line":27,"column":6}},"28":{"start":{"line":29,"column":0},"end":{"line":29,"column":57}},"30":{"start":{"line":31,"column":0},"end":{"line":31,"column":81}},"31":{"start":{"line":32,"column":0},"end":{"line":32,"column":6}},"33":{"start":{"line":34,"column":0},"end":{"line":34,"column":12}},"34":{"start":{"line":35,"column":0},"end":{"line":35,"column":136}},"35":{"start":{"line":36,"column":0},"end":{"line":36,"column":28}},"36":{"start":{"line":37,"column":0},"end":{"line":37,"column":39}},"38":{"start":{"line":39,"column":0},"end":{"line":39,"column":2}}},"s":{"0":1,"4":1,"5":1,"6":1,"7":1,"8":1,"9":1,"11":1,"12":8,"13":8,"17":8,"19":4,"21":2,"22":2,"24":2,"25":2,"26":4,"28":8,"30":3,"31":3,"33":8,"34":8,"35":8,"36":8,"38":8},"branchMap":{"0":{"type":"branch","line":12,"loc":{"start":{"line":12,"column":36},"end":{"line":39,"column":2}},"locations":[{"start":{"line":12,"column":36},"end":{"line":39,"column":2}}]},"1":{"type":"branch","line":18,"loc":{"start":{"line":18,"column":32},"end":{"line":27,"column":6}},"locations":[{"start":{"line":18,"column":32},"end":{"line":27,"column":6}}]},"2":{"type":"branch","line":20,"loc":{"start":{"line":20,"column":79},"end":{"line":26,"column":9}},"locations":[{"start":{"line":20,"column":79},"end":{"line":26,"column":9}}]},"3":{"type":"branch","line":20,"loc":{"start":{"line":20,"column":42},"end":{"line":20,"column":76}},"locations":[{"start":{"line":20,"column":42},"end":{"line":20,"column":76}}]},"4":{"type":"branch","line":22,"loc":{"start":{"line":22,"column":72},"end":{"line":22,"column":106}},"locations":[{"start":{"line":22,"column":72},"end":{"line":22,"column":106}}]},"5":{"type":"branch","line":29,"loc":{"start":{"line":29,"column":39},"end":{"line":32,"column":6}},"locations":[{"start":{"line":29,"column":39},"end":{"line":32,"column":6}}]},"6":{"type":"branch","line":31,"loc":{"start":{"line":31,"column":45},"end":{"line":31,"column":79}},"locations":[{"start":{"line":31,"column":45},"end":{"line":31,"column":79}}]}},"b":{"0":[8],"1":[4],"2":[2],"3":[2],"4":[2],"5":[3],"6":[1]},"fnMap":{"0":{"name":"alternarIngrediente","decl":{"start":{"line":8,"column":25},"end":{"line":8,"column":36}},"loc":{"start":{"line":8,"column":25},"end":{"line":8,"column":36}},"line":8},"1":{"name":"ingredienteEstaSelecionado","decl":{"start":{"line":9,"column":32},"end":{"line":9,"column":53}},"loc":{"start":{"line":9,"column":32},"end":{"line":9,"column":53}},"line":9},"2":{"name":"IngredientesProvider","decl":{"start":{"line":12,"column":36},"end":{"line":39,"column":2}},"loc":{"start":{"line":12,"column":36},"end":{"line":39,"column":2}},"line":12},"3":{"name":"alternarIngrediente","decl":{"start":{"line":18,"column":32},"end":{"line":27,"column":6}},"loc":{"start":{"line":18,"column":32},"end":{"line":27,"column":6}},"line":18},"4":{"name":"ingredienteEstaSelecionado","decl":{"start":{"line":29,"column":39},"end":{"line":32,"column":6}},"loc":{"start":{"line":29,"column":39},"end":{"line":32,"column":6}},"line":29}},"f":{"0":0,"1":0,"2":8,"3":4,"4":3}}
,"/Users/azos/estudos/cookingup-base/src/componentes/IngredientesSelecionados/index.jsx": {"path":"/Users/azos/estudos/cookingup-base/src/componentes/IngredientesSelecionados/index.jsx","all":false,"statementMap":{"0":{"start":{"line":1,"column":0},"end":{"line":1,"column":34}},"1":{"start":{"line":2,"column":0},"end":{"line":2,"column":60}},"2":{"start":{"line":3,"column":0},"end":{"line":3,"column":42}},"3":{"start":{"line":4,"column":0},"end":{"line":4,"column":46}},"6":{"start":{"line":7,"column":0},"end":{"line":7,"column":25}},"17":{"start":{"line":18,"column":0},"end":{"line":18,"column":57}},"25":{"start":{"line":26,"column":0},"end":{"line":26,"column":32}},"33":{"start":{"line":34,"column":0},"end":{"line":34,"column":29}},"46":{"start":{"line":47,"column":0},"end":{"line":47,"column":40}},"47":{"start":{"line":48,"column":0},"end":{"line":48,"column":93}},"49":{"start":{"line":50,"column":0},"end":{"line":50,"column":43}},"50":{"start":{"line":51,"column":0},"end":{"line":51,"column":19}},"51":{"start":{"line":52,"column":0},"end":{"line":52,"column":5}},"53":{"start":{"line":54,"column":0},"end":{"line":54,"column":14}},"54":{"start":{"line":55,"column":0},"end":{"line":55,"column":35}},"55":{"start":{"line":56,"column":0},"end":{"line":56,"column":43}},"57":{"start":{"line":58,"column":0},"end":{"line":58,"column":54}},"58":{"start":{"line":59,"column":0},"end":{"line":59,"column":96}},"59":{"start":{"line":60,"column":0},"end":{"line":60,"column":73}},"60":{"start":{"line":61,"column":0},"end":{"line":61,"column":81}},"61":{"start":{"line":62,"column":0},"end":{"line":62,"column":27}},"62":{"start":{"line":63,"column":0},"end":{"line":63,"column":10}},"63":{"start":{"line":64,"column":0},"end":{"line":64,"column":44}},"64":{"start":{"line":65,"column":0},"end":{"line":65,"column":8}},"65":{"start":{"line":66,"column":0},"end":{"line":66,"column":1}},"67":{"start":{"line":68,"column":0},"end":{"line":68,"column":39}}},"s":{"0":1,"1":1,"2":1,"3":1,"6":1,"17":1,"25":1,"33":1,"46":1,"47":3,"49":3,"50":1,"51":1,"53":2,"54":2,"55":2,"57":2,"58":3,"59":3,"60":3,"61":3,"62":2,"63":2,"64":2,"65":2,"67":1},"branchMap":{"0":{"type":"branch","line":47,"loc":{"start":{"line":47,"column":33},"end":{"line":66,"column":1}},"locations":[{"start":{"line":47,"column":33},"end":{"line":66,"column":1}}]},"1":{"type":"branch","line":50,"loc":{"start":{"line":50,"column":42},"end":{"line":52,"column":5}},"locations":[{"start":{"line":50,"column":42},"end":{"line":52,"column":5}}]},"2":{"type":"branch","line":52,"loc":{"start":{"line":52,"column":4},"end":{"line":66,"column":1}},"locations":[{"start":{"line":52,"column":4},"end":{"line":66,"column":1}}]},"3":{"type":"branch","line":58,"loc":{"start":{"line":58,"column":39},"end":{"line":62,"column":27}},"locations":[{"start":{"line":58,"column":39},"end":{"line":62,"column":27}}]},"4":{"type":"branch","line":59,"loc":{"start":{"line":59,"column":56},"end":{"line":59,"column":96}},"locations":[{"start":{"line":59,"column":56},"end":{"line":59,"column":96}}]}},"b":{"0":[3],"1":[1],"2":[2],"3":[3],"4":[1]},"fnMap":{"0":{"name":"IngredientesSelecionados","decl":{"start":{"line":47,"column":33},"end":{"line":66,"column":1}},"loc":{"start":{"line":47,"column":33},"end":{"line":66,"column":1}},"line":47},"1":{"name":"onClick","decl":{"start":{"line":59,"column":56},"end":{"line":59,"column":96}},"loc":{"start":{"line":59,"column":56},"end":{"line":59,"column":96}},"line":59}},"f":{"0":3,"1":1}}
,"/Users/azos/estudos/cookingup-base/src/componentes/Rodape/index.jsx": {"path":"/Users/azos/estudos/cookingup-base/src/componentes/Rodape/index.jsx","all":false,"statementMap":{"0":{"start":{"line":1,"column":0},"end":{"line":1,"column":42}},"2":{"start":{"line":3,"column":0},"end":{"line":3,"column":38}},"15":{"start":{"line":16,"column":0},"end":{"line":16,"column":22}},"16":{"start":{"line":17,"column":0},"end":{"line":17,"column":29}},"18":{"start":{"line":19,"column":0},"end":{"line":19,"column":23}},"19":{"start":{"line":20,"column":0},"end":{"line":20,"column":1}},"21":{"start":{"line":22,"column":0},"end":{"line":22,"column":21}}},"s":{"0":1,"2":1,"15":1,"16":2,"18":2,"19":2,"21":1},"branchMap":{"0":{"type":"branch","line":16,"loc":{"start":{"line":16,"column":15},"end":{"line":20,"column":1}},"locations":[{"start":{"line":16,"column":15},"end":{"line":20,"column":1}}]}},"b":{"0":[2]},"fnMap":{"0":{"name":"Rodape","decl":{"start":{"line":16,"column":15},"end":{"line":20,"column":1}},"loc":{"start":{"line":16,"column":15},"end":{"line":20,"column":1}},"line":16}},"f":{"0":2}}
,"/Users/azos/estudos/cookingup-base/src/componentes/TagIngrediente/index.jsx": {"path":"/Users/azos/estudos/cookingup-base/src/componentes/TagIngrediente/index.jsx","all":false,"statementMap":{"0":{"start":{"line":1,"column":0},"end":{"line":1,"column":42}},"2":{"start":{"line":3,"column":0},"end":{"line":3,"column":28}},"3":{"start":{"line":4,"column":0},"end":{"line":4,"column":99}},"4":{"start":{"line":5,"column":0},"end":{"line":5,"column":85}},"5":{"start":{"line":6,"column":0},"end":{"line":6,"column":58}},"18":{"start":{"line":19,"column":0},"end":{"line":19,"column":61}},"19":{"start":{"line":20,"column":0},"end":{"line":20,"column":52}},"20":{"start":{"line":21,"column":0},"end":{"line":21,"column":26}},"21":{"start":{"line":22,"column":0},"end":{"line":22,"column":13}},"22":{"start":{"line":23,"column":0},"end":{"line":23,"column":1}},"24":{"start":{"line":25,"column":0},"end":{"line":25,"column":29}}},"s":{"0":1,"2":1,"3":1,"4":1,"5":1,"18":1,"19":4,"20":4,"21":4,"22":4,"24":1},"branchMap":{"0":{"type":"branch","line":4,"loc":{"start":{"line":4,"column":18},"end":{"line":4,"column":97}},"locations":[{"start":{"line":4,"column":18},"end":{"line":4,"column":97}}]},"1":{"type":"branch","line":4,"loc":{"start":{"line":4,"column":33},"end":{"line":4,"column":68}},"locations":[{"start":{"line":4,"column":33},"end":{"line":4,"column":68}}]},"2":{"type":"branch","line":4,"loc":{"start":{"line":4,"column":42},"end":{"line":4,"column":97}},"locations":[{"start":{"line":4,"column":42},"end":{"line":4,"column":97}}]},"3":{"type":"branch","line":5,"loc":{"start":{"line":5,"column":13},"end":{"line":5,"column":83}},"locations":[{"start":{"line":5,"column":13},"end":{"line":5,"column":83}}]},"4":{"type":"branch","line":5,"loc":{"start":{"line":5,"column":28},"end":{"line":5,"column":63}},"locations":[{"start":{"line":5,"column":28},"end":{"line":5,"column":63}}]},"5":{"type":"branch","line":5,"loc":{"start":{"line":5,"column":37},"end":{"line":5,"column":83}},"locations":[{"start":{"line":5,"column":37},"end":{"line":5,"column":83}}]},"6":{"type":"branch","line":6,"loc":{"start":{"line":6,"column":19},"end":{"line":6,"column":56}},"locations":[{"start":{"line":6,"column":19},"end":{"line":6,"column":56}}]},"7":{"type":"branch","line":6,"loc":{"start":{"line":6,"column":34},"end":{"line":6,"column":51}},"locations":[{"start":{"line":6,"column":34},"end":{"line":6,"column":51}}]},"8":{"type":"branch","line":6,"loc":{"start":{"line":6,"column":43},"end":{"line":6,"column":56}},"locations":[{"start":{"line":6,"column":43},"end":{"line":6,"column":56}}]},"9":{"type":"branch","line":19,"loc":{"start":{"line":19,"column":23},"end":{"line":23,"column":1}},"locations":[{"start":{"line":19,"column":23},"end":{"line":23,"column":1}}]}},"b":{"0":[4],"1":[1],"2":[3],"3":[4],"4":[1],"5":[3],"6":[4],"7":[1],"8":[3],"9":[4]},"fnMap":{"0":{"name":"TagIngrediente.ingrediente.ingrediente","decl":{"start":{"line":4,"column":18},"end":{"line":4,"column":97}},"loc":{"start":{"line":4,"column":18},"end":{"line":4,"column":97}},"line":4},"1":{"name":"TagIngrediente.ingrediente.ingrediente","decl":{"start":{"line":5,"column":13},"end":{"line":5,"column":83}},"loc":{"start":{"line":5,"column":13},"end":{"line":5,"column":83}},"line":5},"2":{"name":"TagIngrediente","decl":{"start":{"line":19,"column":23},"end":{"line":23,"column":1}},"loc":{"start":{"line":19,"column":23},"end":{"line":23,"column":1}},"line":19}},"f":{"0":4,"1":4,"2":4}}
}
